<!DOCTYPE html PUBLIC "-//W3C//DTD XHTML 1.1//EN" "http://www.w3.org/TR/xhtml11/DTD/xhtml11.dtd">
<html xmlns="http://www.w3.org/1999/xhtml">
<head>
<meta http-equiv="content-type" content="text/html; charset=UTF-8"/>
<title>TestNG Report</title>
<style type="text/css">table {margin-bottom:10px;border-collapse:collapse;empty-cells:show}th,td {border:1px solid #009;padding:.25em .5em}th {vertical-align:bottom}td {vertical-align:top}table a {font-weight:bold}.stripe td {background-color: #E6EBF9}.num {text-align:right}.passedodd td {background-color: #3F3}.passedeven td {background-color: #0A0}.skippedodd td {background-color: #DDD}.skippedeven td {background-color: #CCC}.failedodd td,.attn {background-color: #F33}.failedeven td,.stripe .attn {background-color: #D00}.stacktrace {white-space:pre;font-family:monospace}.totop {font-size:85%;text-align:center;border-bottom:2px solid #000}.invisible {display:none}</style>
</head>
<body>
<table>
<tr><th>Test</th><th># Passed</th><th># Skipped</th><th># Failed</th><th>Time (ms)</th><th>Included Groups</th><th>Excluded Groups</th></tr>
<tr><th colspan="7">Book-Flight-Module</th></tr>
<tr><td><a href="#t0">Book-Flight-2</a></td><td class="num">0</td><td class="num attn">5</td><td class="num">0</td><td class="num">272</td><td></td><td></td></tr>
<tr class="stripe"><td><a href="#t1">Book-Flight-3</a></td><td class="num">0</td><td class="num attn">5</td><td class="num">0</td><td class="num">5</td><td></td><td></td></tr>
<tr><th>Total</th><th class="num">0</th><th class="num attn">10</th><th class="num">0</th><th class="num">277</th><th colspan="2"></th></tr>
</table>
<table id='summary'><thead><tr><th>Class</th><th>Method</th><th>Start</th><th>Time (ms)</th></tr></thead><tbody><tr><th colspan="4">Book-Flight-Module</th></tr></tbody><tbody id="t0"><tr><th colspan="4">Book-Flight-2 &#8212; failed (configuration methods)</th></tr><tr class="failedeven"><td rowspan="1">com.newtours.tests.BookFlightsTest</td><td><a href="#m0">setupDriver</a></td><td rowspan="1">1686382292515</td><td rowspan="1">264</td></tr><tr><th colspan="4">Book-Flight-2 &#8212; skipped (configuration methods)</th></tr><tr class="skippedeven"><td rowspan="2">com.newtours.tests.BookFlightsTest</td><td><a href="#m1">quitBrowser</a></td><td rowspan="1">1686382292786</td><td rowspan="1">0</td></tr><tr class="skippedeven"><td><a href="#m2">setupParmeter</a></td><td rowspan="1">1686382292780</td><td rowspan="1">0</td></tr><tr><th colspan="4">Book-Flight-2 &#8212; skipped</th></tr><tr class="skippedeven"><td rowspan="5">com.newtours.tests.BookFlightsTest</td><td><a href="#m3">findflightPage</a></td><td rowspan="1">1686382292786</td><td rowspan="1">0</td></tr><tr class="skippedeven"><td><a href="#m4">flightconfirmationPage</a></td><td rowspan="1">1686382292786</td><td rowspan="1">0</td></tr><tr class="skippedeven"><td><a href="#m5">flightdetailsPage</a></td><td rowspan="1">1686382292786</td><td rowspan="1">0</td></tr><tr class="skippedeven"><td><a href="#m6">registrationPage</a></td><td rowspan="1">1686382292785</td><td rowspan="1">0</td></tr><tr class="skippedeven"><td><a href="#m7">registrationconfirmation</a></td><td rowspan="1">1686382292786</td><td rowspan="1">0</td></tr></tbody>
<tbody id="t1"><tr><th colspan="4">Book-Flight-3 &#8212; failed (configuration methods)</th></tr><tr class="failedeven"><td rowspan="1">com.newtours.tests.BookFlightsTest</td><td><a href="#m8">setupDriver</a></td><td rowspan="1">1686382292813</td><td rowspan="1">4</td></tr><tr><th colspan="4">Book-Flight-3 &#8212; skipped (configuration methods)</th></tr><tr class="skippedeven"><td rowspan="2">com.newtours.tests.BookFlightsTest</td><td><a href="#m9">quitBrowser</a></td><td rowspan="1">1686382292818</td><td rowspan="1">0</td></tr><tr class="skippedeven"><td><a href="#m10">setupParmeter</a></td><td rowspan="1">1686382292817</td><td rowspan="1">0</td></tr><tr><th colspan="4">Book-Flight-3 &#8212; skipped</th></tr><tr class="skippedeven"><td rowspan="5">com.newtours.tests.BookFlightsTest</td><td><a href="#m11">findflightPage</a></td><td rowspan="1">1686382292817</td><td rowspan="1">1</td></tr><tr class="skippedeven"><td><a href="#m12">flightconfirmationPage</a></td><td rowspan="1">1686382292818</td><td rowspan="1">0</td></tr><tr class="skippedeven"><td><a href="#m13">flightdetailsPage</a></td><td rowspan="1">1686382292817</td><td rowspan="1">0</td></tr><tr class="skippedeven"><td><a href="#m14">registrationPage</a></td><td rowspan="1">1686382292817</td><td rowspan="1">0</td></tr><tr class="skippedeven"><td><a href="#m15">registrationconfirmation</a></td><td rowspan="1">1686382292817</td><td rowspan="1">0</td></tr></tbody>
</table>
<h2>Book-Flight-2</h2><h3 id="m0">com.newtours.tests.BookFlightsTest#setupDriver</h3><table class="result"><tr><th>Exception</th></tr><tr><td><div class="stacktrace">org.openqa.selenium.remote.UnreachableBrowserException: Could not start a new session. Possible causes are invalid address of the remote server or browser start-up failure.
Build info: version: &apos;3.14.0&apos;, revision: &apos;aacccce0&apos;, time: &apos;2018-08-02T20:19:58.91Z&apos;
System info: host: &apos;3eb5e02916e9&apos;, ip: &apos;172.21.0.5&apos;, os.name: &apos;Linux&apos;, os.arch: &apos;aarch64&apos;, os.version: &apos;5.15.49-linuxkit-pr&apos;, java.version: &apos;1.8.0_191&apos;
Driver info: driver.version: RemoteWebDriver
	at org.openqa.selenium.remote.RemoteWebDriver.execute(RemoteWebDriver.java:569)
	at org.openqa.selenium.remote.RemoteWebDriver.startSession(RemoteWebDriver.java:212)
	at org.openqa.selenium.remote.RemoteWebDriver.&lt;init&gt;(RemoteWebDriver.java:130)
	at org.openqa.selenium.remote.RemoteWebDriver.&lt;init&gt;(RemoteWebDriver.java:143)
	at com.newtours.tests.tests.BaseTest.setupDriver(BaseTest.java:31)
Caused by: java.io.IOException: Unable to parse URL: http://:4444/wd/hub/session
	at org.openqa.selenium.remote.internal.OkHttpClient.execute(OkHttpClient.java:67)
	at org.openqa.selenium.remote.ProtocolHandshake.createSession(ProtocolHandshake.java:101)
	at org.openqa.selenium.remote.ProtocolHandshake.createSession(ProtocolHandshake.java:73)
	at org.openqa.selenium.remote.HttpCommandExecutor.execute(HttpCommandExecutor.java:136)
	at org.openqa.selenium.remote.RemoteWebDriver.execute(RemoteWebDriver.java:548)
	... 27 more
... Removed 23 stack frames</div></td></tr></table><p class="totop"><a href="#summary">back to summary</a></p>
<h3 id="m1">com.newtours.tests.BookFlightsTest#quitBrowser</h3><table class="result"><tr><th class="invisible"/></tr></table><p class="totop"><a href="#summary">back to summary</a></p>
<h3 id="m2">com.newtours.tests.BookFlightsTest#setupParmeter</h3><table class="result"><tr><th class="invisible"/></tr></table><p class="totop"><a href="#summary">back to summary</a></p>
<h3 id="m3">com.newtours.tests.BookFlightsTest#findflightPage</h3><table class="result"><tr><th>Exception</th></tr><tr><td><div class="stacktrace">java.lang.Throwable: Method BookFlightsTest.findflightPage()[pri:0, instance:com.newtours.tests.BookFlightsTest@23223dd8] depends on not successfully finished methods
... Removed 17 stack frames</div></td></tr></table><p class="totop"><a href="#summary">back to summary</a></p>
<h3 id="m4">com.newtours.tests.BookFlightsTest#flightconfirmationPage</h3><table class="result"><tr><th>Exception</th></tr><tr><td><div class="stacktrace">java.lang.Throwable: Method BookFlightsTest.flightconfirmationPage()[pri:0, instance:com.newtours.tests.BookFlightsTest@23223dd8] depends on not successfully finished methods
... Removed 17 stack frames</div></td></tr></table><p class="totop"><a href="#summary">back to summary</a></p>
<h3 id="m5">com.newtours.tests.BookFlightsTest#flightdetailsPage</h3><table class="result"><tr><th>Exception</th></tr><tr><td><div class="stacktrace">java.lang.Throwable: Method BookFlightsTest.flightdetailsPage()[pri:0, instance:com.newtours.tests.BookFlightsTest@23223dd8] depends on not successfully finished methods
... Removed 17 stack frames</div></td></tr></table><p class="totop"><a href="#summary">back to summary</a></p>
<h3 id="m6">com.newtours.tests.BookFlightsTest#registrationPage</h3><table class="result"><tr><th>Exception</th></tr><tr><td><div class="stacktrace">org.openqa.selenium.remote.UnreachableBrowserException: Could not start a new session. Possible causes are invalid address of the remote server or browser start-up failure.
Build info: version: &apos;3.14.0&apos;, revision: &apos;aacccce0&apos;, time: &apos;2018-08-02T20:19:58.91Z&apos;
System info: host: &apos;3eb5e02916e9&apos;, ip: &apos;172.21.0.5&apos;, os.name: &apos;Linux&apos;, os.arch: &apos;aarch64&apos;, os.version: &apos;5.15.49-linuxkit-pr&apos;, java.version: &apos;1.8.0_191&apos;
Driver info: driver.version: RemoteWebDriver
	at org.openqa.selenium.remote.RemoteWebDriver.execute(RemoteWebDriver.java:569)
	at org.openqa.selenium.remote.RemoteWebDriver.startSession(RemoteWebDriver.java:212)
	at org.openqa.selenium.remote.RemoteWebDriver.&lt;init&gt;(RemoteWebDriver.java:130)
	at org.openqa.selenium.remote.RemoteWebDriver.&lt;init&gt;(RemoteWebDriver.java:143)
	at com.newtours.tests.tests.BaseTest.setupDriver(BaseTest.java:31)
Caused by: java.io.IOException: Unable to parse URL: http://:4444/wd/hub/session
	at org.openqa.selenium.remote.internal.OkHttpClient.execute(OkHttpClient.java:67)
	at org.openqa.selenium.remote.ProtocolHandshake.createSession(ProtocolHandshake.java:101)
	at org.openqa.selenium.remote.ProtocolHandshake.createSession(ProtocolHandshake.java:73)
	at org.openqa.selenium.remote.HttpCommandExecutor.execute(HttpCommandExecutor.java:136)
	at org.openqa.selenium.remote.RemoteWebDriver.execute(RemoteWebDriver.java:548)
	... 27 more
... Removed 23 stack frames</div></td></tr></table><p class="totop"><a href="#summary">back to summary</a></p>
<h3 id="m7">com.newtours.tests.BookFlightsTest#registrationconfirmation</h3><table class="result"><tr><th>Exception</th></tr><tr><td><div class="stacktrace">java.lang.Throwable: Method BookFlightsTest.registrationconfirmation()[pri:0, instance:com.newtours.tests.BookFlightsTest@23223dd8] depends on not successfully finished methods
... Removed 17 stack frames</div></td></tr></table><p class="totop"><a href="#summary">back to summary</a></p>
<h2>Book-Flight-3</h2><h3 id="m8">com.newtours.tests.BookFlightsTest#setupDriver</h3><table class="result"><tr><th>Exception</th></tr><tr><td><div class="stacktrace">org.openqa.selenium.remote.UnreachableBrowserException: Could not start a new session. Possible causes are invalid address of the remote server or browser start-up failure.
Build info: version: &apos;3.14.0&apos;, revision: &apos;aacccce0&apos;, time: &apos;2018-08-02T20:19:58.91Z&apos;
System info: host: &apos;3eb5e02916e9&apos;, ip: &apos;172.21.0.5&apos;, os.name: &apos;Linux&apos;, os.arch: &apos;aarch64&apos;, os.version: &apos;5.15.49-linuxkit-pr&apos;, java.version: &apos;1.8.0_191&apos;
Driver info: driver.version: RemoteWebDriver
	at org.openqa.selenium.remote.RemoteWebDriver.execute(RemoteWebDriver.java:569)
	at org.openqa.selenium.remote.RemoteWebDriver.startSession(RemoteWebDriver.java:212)
	at org.openqa.selenium.remote.RemoteWebDriver.&lt;init&gt;(RemoteWebDriver.java:130)
	at org.openqa.selenium.remote.RemoteWebDriver.&lt;init&gt;(RemoteWebDriver.java:143)
	at com.newtours.tests.tests.BaseTest.setupDriver(BaseTest.java:31)
Caused by: java.io.IOException: Unable to parse URL: http://:4444/wd/hub/session
	at org.openqa.selenium.remote.internal.OkHttpClient.execute(OkHttpClient.java:67)
	at org.openqa.selenium.remote.ProtocolHandshake.createSession(ProtocolHandshake.java:101)
	at org.openqa.selenium.remote.ProtocolHandshake.createSession(ProtocolHandshake.java:73)
	at org.openqa.selenium.remote.HttpCommandExecutor.execute(HttpCommandExecutor.java:136)
	at org.openqa.selenium.remote.RemoteWebDriver.execute(RemoteWebDriver.java:548)
	... 27 more
... Removed 23 stack frames</div></td></tr></table><p class="totop"><a href="#summary">back to summary</a></p>
<h3 id="m9">com.newtours.tests.BookFlightsTest#quitBrowser</h3><table class="result"><tr><th class="invisible"/></tr></table><p class="totop"><a href="#summary">back to summary</a></p>
<h3 id="m10">com.newtours.tests.BookFlightsTest#setupParmeter</h3><table class="result"><tr><th class="invisible"/></tr></table><p class="totop"><a href="#summary">back to summary</a></p>
<h3 id="m11">com.newtours.tests.BookFlightsTest#findflightPage</h3><table class="result"><tr><th>Exception</th></tr><tr><td><div class="stacktrace">java.lang.Throwable: Method BookFlightsTest.findflightPage()[pri:0, instance:com.newtours.tests.BookFlightsTest@2752f6e2] depends on not successfully finished methods
... Removed 17 stack frames</div></td></tr></table><p class="totop"><a href="#summary">back to summary</a></p>
<h3 id="m12">com.newtours.tests.BookFlightsTest#flightconfirmationPage</h3><table class="result"><tr><th>Exception</th></tr><tr><td><div class="stacktrace">java.lang.Throwable: Method BookFlightsTest.flightconfirmationPage()[pri:0, instance:com.newtours.tests.BookFlightsTest@2752f6e2] depends on not successfully finished methods
... Removed 17 stack frames</div></td></tr></table><p class="totop"><a href="#summary">back to summary</a></p>
<h3 id="m13">com.newtours.tests.BookFlightsTest#flightdetailsPage</h3><table class="result"><tr><th>Exception</th></tr><tr><td><div class="stacktrace">java.lang.Throwable: Method BookFlightsTest.flightdetailsPage()[pri:0, instance:com.newtours.tests.BookFlightsTest@2752f6e2] depends on not successfully finished methods
... Removed 17 stack frames</div></td></tr></table><p class="totop"><a href="#summary">back to summary</a></p>
<h3 id="m14">com.newtours.tests.BookFlightsTest#registrationPage</h3><table class="result"><tr><th>Exception</th></tr><tr><td><div class="stacktrace">org.openqa.selenium.remote.UnreachableBrowserException: Could not start a new session. Possible causes are invalid address of the remote server or browser start-up failure.
Build info: version: &apos;3.14.0&apos;, revision: &apos;aacccce0&apos;, time: &apos;2018-08-02T20:19:58.91Z&apos;
System info: host: &apos;3eb5e02916e9&apos;, ip: &apos;172.21.0.5&apos;, os.name: &apos;Linux&apos;, os.arch: &apos;aarch64&apos;, os.version: &apos;5.15.49-linuxkit-pr&apos;, java.version: &apos;1.8.0_191&apos;
Driver info: driver.version: RemoteWebDriver
	at org.openqa.selenium.remote.RemoteWebDriver.execute(RemoteWebDriver.java:569)
	at org.openqa.selenium.remote.RemoteWebDriver.startSession(RemoteWebDriver.java:212)
	at org.openqa.selenium.remote.RemoteWebDriver.&lt;init&gt;(RemoteWebDriver.java:130)
	at org.openqa.selenium.remote.RemoteWebDriver.&lt;init&gt;(RemoteWebDriver.java:143)
	at com.newtours.tests.tests.BaseTest.setupDriver(BaseTest.java:31)
Caused by: java.io.IOException: Unable to parse URL: http://:4444/wd/hub/session
	at org.openqa.selenium.remote.internal.OkHttpClient.execute(OkHttpClient.java:67)
	at org.openqa.selenium.remote.ProtocolHandshake.createSession(ProtocolHandshake.java:101)
	at org.openqa.selenium.remote.ProtocolHandshake.createSession(ProtocolHandshake.java:73)
	at org.openqa.selenium.remote.HttpCommandExecutor.execute(HttpCommandExecutor.java:136)
	at org.openqa.selenium.remote.RemoteWebDriver.execute(RemoteWebDriver.java:548)
	... 27 more
... Removed 23 stack frames</div></td></tr></table><p class="totop"><a href="#summary">back to summary</a></p>
<h3 id="m15">com.newtours.tests.BookFlightsTest#registrationconfirmation</h3><table class="result"><tr><th>Exception</th></tr><tr><td><div class="stacktrace">java.lang.Throwable: Method BookFlightsTest.registrationconfirmation()[pri:0, instance:com.newtours.tests.BookFlightsTest@2752f6e2] depends on not successfully finished methods
... Removed 17 stack frames</div></td></tr></table><p class="totop"><a href="#summary">back to summary</a></p>
</body>
</html>
