<?xml version="1.0" encoding="UTF-8"?>
<!-- Generated by org.testng.reporters.JUnitXMLReporter -->
<testsuite hostname="3eb5e02916e9" ignored="0" name="Book-Flight-2" tests="5" failures="0" timestamp="10 Jun 2023 07:31:32 GMT" time="0.272" errors="0">
  <testcase name="@BeforeTest setupDriver" time="0.264" classname="com.newtours.tests.tests.BaseTest">
    <failure type="org.openqa.selenium.remote.UnreachableBrowserException" message="Could not start a new session. Possible causes are invalid address of the remote server or browser start-up failure.
Build info: version: &amp;apos;3.14.0&amp;apos;, revision: &amp;apos;aacccce0&amp;apos;, time: &amp;apos;2018-08-02T20:19:58.91Z&amp;apos;
System info: host: &amp;apos;3eb5e02916e9&amp;apos;, ip: &amp;apos;172.21.0.5&amp;apos;, os.name: &amp;apos;Linux&amp;apos;, os.arch: &amp;apos;aarch64&amp;apos;, os.version: &amp;apos;5.15.49-linuxkit-pr&amp;apos;, java.version: &amp;apos;1.8.0_191&amp;apos;
Driver info: driver.version: RemoteWebDriver">
      <![CDATA[org.openqa.selenium.remote.UnreachableBrowserException: Could not start a new session. Possible causes are invalid address of the remote server or browser start-up failure.
Build info: version: '3.14.0', revision: 'aacccce0', time: '2018-08-02T20:19:58.91Z'
System info: host: '3eb5e02916e9', ip: '172.21.0.5', os.name: 'Linux', os.arch: 'aarch64', os.version: '5.15.49-linuxkit-pr', java.version: '1.8.0_191'
Driver info: driver.version: RemoteWebDriver
at org.openqa.selenium.remote.RemoteWebDriver.execute(RemoteWebDriver.java:569)
at org.openqa.selenium.remote.RemoteWebDriver.startSession(RemoteWebDriver.java:212)
at org.openqa.selenium.remote.RemoteWebDriver.<init>(RemoteWebDriver.java:130)
at org.openqa.selenium.remote.RemoteWebDriver.<init>(RemoteWebDriver.java:143)
at com.newtours.tests.tests.BaseTest.setupDriver(BaseTest.java:31)
Caused by: java.io.IOException: Unable to parse URL: http://:4444/wd/hub/session
at org.openqa.selenium.remote.internal.OkHttpClient.execute(OkHttpClient.java:67)
at org.openqa.selenium.remote.ProtocolHandshake.createSession(ProtocolHandshake.java:101)
at org.openqa.selenium.remote.ProtocolHandshake.createSession(ProtocolHandshake.java:73)
at org.openqa.selenium.remote.HttpCommandExecutor.execute(HttpCommandExecutor.java:136)
at org.openqa.selenium.remote.RemoteWebDriver.execute(RemoteWebDriver.java:548)
... 27 more
... Removed 23 stack frames]]>
    </failure>
  </testcase> <!-- @BeforeTest setupDriver -->
  <testcase name="@BeforeTest setupParmeter" time="0.0" classname="com.newtours.tests.BookFlightsTest">
    <skipped/>
  </testcase> <!-- @BeforeTest setupParmeter -->
  <testcase name="@AfterTest quitBrowser" time="0.0" classname="com.newtours.tests.BookFlightsTest">
    <skipped/>
  </testcase> <!-- @AfterTest quitBrowser -->
  <testcase name="registrationPage" time="0.0" classname="com.newtours.tests.BookFlightsTest">
    <skipped/>
  </testcase> <!-- registrationPage -->
  <testcase name="registrationconfirmation" time="0.0" classname="com.newtours.tests.BookFlightsTest">
    <skipped/>
  </testcase> <!-- registrationconfirmation -->
  <testcase name="flightdetailsPage" time="0.0" classname="com.newtours.tests.BookFlightsTest">
    <skipped/>
  </testcase> <!-- flightdetailsPage -->
  <testcase name="findflightPage" time="0.0" classname="com.newtours.tests.BookFlightsTest">
    <skipped/>
  </testcase> <!-- findflightPage -->
  <testcase name="flightconfirmationPage" time="0.0" classname="com.newtours.tests.BookFlightsTest">
    <skipped/>
  </testcase> <!-- flightconfirmationPage -->
</testsuite> <!-- Book-Flight-2 -->
